<?xml version="1.0" encoding="UTF-8"?>
<testsuite xmlns:xsi="http://www.w3.org/2001/XMLSchema-instance" xsi:noNamespaceSchemaLocation="https://maven.apache.org/surefire/maven-surefire-plugin/xsd/surefire-test-report-3.0.xsd" version="3.0" name="com.mart.MartserviceApplicationTests" time="9.259" tests="1" errors="0" skipped="0" failures="0">
  <properties>
[...]
</properties>
  <testcase name="contextLoads" classname="com.mart.MartserviceApplicationTests" time="0.73">
    <system-out><![CDATA[11:24:38.356 [main] INFO org.springframework.test.context.support.AnnotationConfigContextLoaderUtils -- Could not detect default configuration classes for test class [com.mart.MartserviceApplicationTests]: MartserviceApplicationTests does not declare any static, non-private, non-final, nested classes annotated with @Configuration.
11:24:38.504 [main] INFO org.springframework.boot.test.context.SpringBootTestContextBootstrapper -- Found @SpringBootConfiguration com.mart.MartserviceApplication for test class com.mart.MartserviceApplicationTests
11:24:38.728 [main] INFO org.springframework.boot.devtools.restart.RestartApplicationListener -- Restart disabled due to context in which it is running

  .   ____          _            __ _ _
 /\\ / ___'_ __ _ _(_)_ __  __ _ \ \ \ \
( ( )\___ | '_ | '_| | '_ \/ _` | \ \ \ \
 \\/  ___)| |_)| | | | | || (_| |  ) ) ) )
  '  |____| .__|_| |_|_| |_\__, | / / / /
 =========|_|==============|___/=/_/_/_/

 :: Spring Boot ::                (v3.3.4)

2024-10-22T11:24:39.063+05:30  WARN 12728 --- [martservice] [           main] ory$DuplicateJsonObjectContextCustomizer : 

Found multiple occurrences of org.json.JSONObject on the class path:

	jar:file:/C:/Users/anuka/.m2/repository/com/vaadin/external/google/android-json/0.0.20131108.vaadin1/android-json-0.0.20131108.vaadin1.jar!/org/json/JSONObject.class
	jar:file:/C:/Users/anuka/.m2/repository/org/json/json/20180130/json-20180130.jar!/org/json/JSONObject.class

You may wish to exclude one of them to ensure predictable runtime behavior

2024-10-22T11:24:39.099+05:30  INFO 12728 --- [martservice] [           main] com.mart.MartserviceApplicationTests     : Starting MartserviceApplicationTests using Java 17.0.4 with PID 12728 (started by anuka in D:\Projects\Mart\martservice)
2024-10-22T11:24:39.102+05:30  INFO 12728 --- [martservice] [           main] com.mart.MartserviceApplicationTests     : No active profile set, falling back to 1 default profile: "default"
2024-10-22T11:24:40.077+05:30  INFO 12728 --- [martservice] [           main] .s.d.r.c.RepositoryConfigurationDelegate : Bootstrapping Spring Data JPA repositories in DEFAULT mode.
2024-10-22T11:24:40.179+05:30  INFO 12728 --- [martservice] [           main] .s.d.r.c.RepositoryConfigurationDelegate : Finished Spring Data repository scanning in 92 ms. Found 13 JPA repository interfaces.
2024-10-22T11:24:40.988+05:30  INFO 12728 --- [martservice] [           main] o.hibernate.jpa.internal.util.LogHelper  : HHH000204: Processing PersistenceUnitInfo [name: default]
2024-10-22T11:24:41.085+05:30  INFO 12728 --- [martservice] [           main] org.hibernate.Version                    : HHH000412: Hibernate ORM core version 6.5.3.Final
2024-10-22T11:24:41.168+05:30  INFO 12728 --- [martservice] [           main] o.h.c.internal.RegionFactoryInitiator    : HHH000026: Second-level cache disabled
2024-10-22T11:24:41.664+05:30  INFO 12728 --- [martservice] [           main] o.s.o.j.p.SpringPersistenceUnitInfo      : No LoadTimeWeaver setup: ignoring JPA class transformer
2024-10-22T11:24:41.705+05:30  INFO 12728 --- [martservice] [           main] com.zaxxer.hikari.HikariDataSource       : HikariPool-1 - Starting...
2024-10-22T11:24:42.076+05:30  INFO 12728 --- [martservice] [           main] com.zaxxer.hikari.pool.HikariPool        : HikariPool-1 - Added connection org.postgresql.jdbc.PgConnection@273293c8
2024-10-22T11:24:42.080+05:30  INFO 12728 --- [martservice] [           main] com.zaxxer.hikari.HikariDataSource       : HikariPool-1 - Start completed.
2024-10-22T11:24:43.742+05:30  INFO 12728 --- [martservice] [           main] o.h.e.t.j.p.i.JtaPlatformInitiator       : HHH000489: No JTA platform available (set 'hibernate.transaction.jta.platform' to enable JTA platform integration)
Hibernate: alter table if exists categories alter column category_image set data type bytea
Hibernate: alter table if exists products alter column product_image set data type bytea
2024-10-22T11:24:43.977+05:30  INFO 12728 --- [martservice] [           main] j.LocalContainerEntityManagerFactoryBean : Initialized JPA EntityManagerFactory for persistence unit 'default'
2024-10-22T11:24:45.369+05:30  WARN 12728 --- [martservice] [           main] JpaBaseConfiguration$JpaWebConfiguration : spring.jpa.open-in-view is enabled by default. Therefore, database queries may be performed during view rendering. Explicitly configure spring.jpa.open-in-view to disable this warning
2024-10-22T11:24:45.406+05:30  WARN 12728 --- [martservice] [           main] .s.s.UserDetailsServiceAutoConfiguration : 

Using generated security password: a5bdbfac-19ce-4915-848b-95d16d22d73c

This generated password is for development use only. Your security configuration must be updated before running your application in production.

2024-10-22T11:24:45.435+05:30  INFO 12728 --- [martservice] [           main] r$InitializeUserDetailsManagerConfigurer : Global AuthenticationManager configured with UserDetailsService bean with name inMemoryUserDetailsManager
Security Config
2024-10-22T11:24:46.620+05:30  INFO 12728 --- [martservice] [           main] com.mart.MartserviceApplicationTests     : Started MartserviceApplicationTests in 7.91 seconds (process running for 9.369)
]]></system-out>
  </testcase>
</testsuite>